** Drc report for AS 3.kicad_pcb **
** Created on 2025-11-30T19:05:23-0800 **

** Found 165 DRC violations **
[annular_width]: Annular width (board setup constraints min annular width 0.1500 mm; actual 0.0500 mm)
    Rule: board setup constraints; error
    @(54.4750 mm, 82.4250 mm): Via [GND] on F.Cu - B.Cu
[annular_width]: Annular width (board setup constraints min annular width 0.1500 mm; actual 0.0500 mm)
    Rule: board setup constraints; error
    @(54.4000 mm, 85.1500 mm): Via [GND] on F.Cu - B.Cu
[annular_width]: Annular width (board setup constraints min annular width 0.1500 mm; actual 0.0500 mm)
    Rule: board setup constraints; error
    @(54.4750 mm, 87.7000 mm): Via [GND] on F.Cu - B.Cu
[annular_width]: Annular width (board setup constraints min annular width 0.1500 mm; actual 0.0500 mm)
    Rule: board setup constraints; error
    @(54.5500 mm, 90.3750 mm): Via [GND] on F.Cu - B.Cu
[annular_width]: Annular width (board setup constraints min annular width 0.1500 mm; actual 0.0500 mm)
    Rule: board setup constraints; error
    @(54.5250 mm, 93.0000 mm): Via [GND] on F.Cu - B.Cu
[annular_width]: Annular width (board setup constraints min annular width 0.1500 mm; actual 0.0500 mm)
    Rule: board setup constraints; error
    @(77.8750 mm, 60.8250 mm): Via [+12VA] on F.Cu - B.Cu
[annular_width]: Annular width (board setup constraints min annular width 0.1500 mm; actual 0.0500 mm)
    Rule: board setup constraints; error
    @(78.1250 mm, 58.7250 mm): Via [+12VA] on F.Cu - B.Cu
[annular_width]: Annular width (board setup constraints min annular width 0.1500 mm; actual 0.0500 mm)
    Rule: board setup constraints; error
    @(76.3500 mm, 61.4000 mm): Via [+12VA] on F.Cu - B.Cu
[annular_width]: Annular width (board setup constraints min annular width 0.1500 mm; actual 0.0500 mm)
    Rule: board setup constraints; error
    @(76.3500 mm, 58.9000 mm): Via [+12VA] on F.Cu - B.Cu
[annular_width]: Annular width (board setup constraints min annular width 0.1500 mm; actual 0.0500 mm)
    Rule: board setup constraints; error
    @(57.9500 mm, 104.2000 mm): Via [GND] on F.Cu - B.Cu
[annular_width]: Annular width (board setup constraints min annular width 0.1500 mm; actual 0.0500 mm)
    Rule: board setup constraints; error
    @(80.0000 mm, 113.6250 mm): Via [GND] on F.Cu - B.Cu
[annular_width]: Annular width (board setup constraints min annular width 0.1500 mm; actual 0.0500 mm)
    Rule: board setup constraints; error
    @(82.1500 mm, 113.5750 mm): Via [GND] on F.Cu - B.Cu
[annular_width]: Annular width (board setup constraints min annular width 0.1500 mm; actual 0.0500 mm)
    Rule: board setup constraints; error
    @(85.3000 mm, 113.9250 mm): Via [GND] on F.Cu - B.Cu
[annular_width]: Annular width (board setup constraints min annular width 0.1500 mm; actual 0.0500 mm)
    Rule: board setup constraints; error
    @(84.1500 mm, 113.9250 mm): Via [GND] on F.Cu - B.Cu
[annular_width]: Annular width (board setup constraints min annular width 0.1500 mm; actual 0.0500 mm)
    Rule: board setup constraints; error
    @(82.9500 mm, 113.9250 mm): Via [GND] on F.Cu - B.Cu
[annular_width]: Annular width (board setup constraints min annular width 0.1500 mm; actual 0.0500 mm)
    Rule: board setup constraints; error
    @(64.7500 mm, 113.6250 mm): Via [GND] on F.Cu - B.Cu
[annular_width]: Annular width (board setup constraints min annular width 0.1500 mm; actual 0.0500 mm)
    Rule: board setup constraints; error
    @(62.4000 mm, 113.6000 mm): Via [GND] on F.Cu - B.Cu
[annular_width]: Annular width (board setup constraints min annular width 0.1500 mm; actual 0.0500 mm)
    Rule: board setup constraints; error
    @(85.4250 mm, 108.1750 mm): Via [GND] on F.Cu - B.Cu
[annular_width]: Annular width (board setup constraints min annular width 0.1500 mm; actual 0.0500 mm)
    Rule: board setup constraints; error
    @(88.1000 mm, 91.2250 mm): Via [GND] on F.Cu - B.Cu
[annular_width]: Annular width (board setup constraints min annular width 0.1500 mm; actual 0.0500 mm)
    Rule: board setup constraints; error
    @(89.1250 mm, 84.7250 mm): Via [GND] on F.Cu - B.Cu
[annular_width]: Annular width (board setup constraints min annular width 0.1500 mm; actual 0.0500 mm)
    Rule: board setup constraints; error
    @(89.1750 mm, 87.5500 mm): Via [GND] on F.Cu - B.Cu
[annular_width]: Annular width (board setup constraints min annular width 0.1500 mm; actual 0.0500 mm)
    Rule: board setup constraints; error
    @(90.1500 mm, 79.3500 mm): Via [GND] on F.Cu - B.Cu
[annular_width]: Annular width (board setup constraints min annular width 0.1500 mm; actual 0.0500 mm)
    Rule: board setup constraints; error
    @(90.3000 mm, 71.3250 mm): Via [GND] on F.Cu - B.Cu
[annular_width]: Annular width (board setup constraints min annular width 0.1500 mm; actual 0.0500 mm)
    Rule: board setup constraints; error
    @(90.3250 mm, 68.5750 mm): Via [GND] on F.Cu - B.Cu
[annular_width]: Annular width (board setup constraints min annular width 0.1500 mm; actual 0.0500 mm)
    Rule: board setup constraints; error
    @(90.2500 mm, 60.5500 mm): Via [GND] on F.Cu - B.Cu
[annular_width]: Annular width (board setup constraints min annular width 0.1500 mm; actual 0.0500 mm)
    Rule: board setup constraints; error
    @(73.4000 mm, 63.8750 mm): Via [GND] on F.Cu - B.Cu
[annular_width]: Annular width (board setup constraints min annular width 0.1500 mm; actual 0.0500 mm)
    Rule: board setup constraints; error
    @(73.3750 mm, 61.3500 mm): Via [GND] on F.Cu - B.Cu
[annular_width]: Annular width (board setup constraints min annular width 0.1500 mm; actual 0.0500 mm)
    Rule: board setup constraints; error
    @(66.2000 mm, 67.5250 mm): Via [GND] on F.Cu - B.Cu
[annular_width]: Annular width (board setup constraints min annular width 0.1500 mm; actual 0.0500 mm)
    Rule: board setup constraints; error
    @(51.8750 mm, 72.4000 mm): Via [GND] on F.Cu - B.Cu
[annular_width]: Annular width (board setup constraints min annular width 0.1500 mm; actual 0.0500 mm)
    Rule: board setup constraints; error
    @(57.7500 mm, 72.0750 mm): Via [GND] on F.Cu - B.Cu
[annular_width]: Annular width (board setup constraints min annular width 0.1500 mm; actual 0.0500 mm)
    Rule: board setup constraints; error
    @(60.8750 mm, 67.1500 mm): Via [GND] on F.Cu - B.Cu
[annular_width]: Annular width (board setup constraints min annular width 0.1500 mm; actual 0.0500 mm)
    Rule: board setup constraints; error
    @(54.7000 mm, 64.1750 mm): Via [GND] on F.Cu - B.Cu
[annular_width]: Annular width (board setup constraints min annular width 0.1500 mm; actual 0.0500 mm)
    Rule: board setup constraints; error
    @(57.8000 mm, 58.1250 mm): Via [GND] on F.Cu - B.Cu
[annular_width]: Annular width (board setup constraints min annular width 0.1500 mm; actual 0.0500 mm)
    Rule: board setup constraints; error
    @(82.5000 mm, 52.0000 mm): Via [GND] on F.Cu - B.Cu
[annular_width]: Annular width (board setup constraints min annular width 0.1500 mm; actual 0.0500 mm)
    Rule: board setup constraints; error
    @(79.6500 mm, 53.8000 mm): Via [GND] on F.Cu - B.Cu
[annular_width]: Annular width (board setup constraints min annular width 0.1500 mm; actual 0.0500 mm)
    Rule: board setup constraints; error
    @(78.3750 mm, 53.8000 mm): Via [GND] on F.Cu - B.Cu
[annular_width]: Annular width (board setup constraints min annular width 0.1500 mm; actual 0.0500 mm)
    Rule: board setup constraints; error
    @(84.0500 mm, 56.6000 mm): Via [GND] on F.Cu - B.Cu
[annular_width]: Annular width (board setup constraints min annular width 0.1500 mm; actual 0.0500 mm)
    Rule: board setup constraints; error
    @(83.6500 mm, 56.4000 mm): Via [GND] on F.Cu - B.Cu
[annular_width]: Annular width (board setup constraints min annular width 0.1500 mm; actual 0.0500 mm)
    Rule: board setup constraints; error
    @(75.9250 mm, 83.6000 mm): Via [+3.3V] on F.Cu - B.Cu
[annular_width]: Annular width (board setup constraints min annular width 0.1500 mm; actual 0.0500 mm)
    Rule: board setup constraints; error
    @(75.9250 mm, 82.6500 mm): Via [+3.3V] on F.Cu - B.Cu
[annular_width]: Annular width (board setup constraints min annular width 0.1500 mm; actual 0.0500 mm)
    Rule: board setup constraints; error
    @(75.9250 mm, 81.5750 mm): Via [+3.3V] on F.Cu - B.Cu
[annular_width]: Annular width (board setup constraints min annular width 0.1500 mm; actual 0.0500 mm)
    Rule: board setup constraints; error
    @(54.8000 mm, 96.0400 mm): Via [GND] on F.Cu - B.Cu
[annular_width]: Annular width (board setup constraints min annular width 0.1500 mm; actual 0.0500 mm)
    Rule: board setup constraints; error
    @(72.5000 mm, 102.5000 mm): Via [GND] on F.Cu - B.Cu
[annular_width]: Annular width (board setup constraints min annular width 0.1500 mm; actual 0.0500 mm)
    Rule: board setup constraints; error
    @(70.0000 mm, 102.5000 mm): Via [GND] on F.Cu - B.Cu
[annular_width]: Annular width (board setup constraints min annular width 0.1500 mm; actual 0.0500 mm)
    Rule: board setup constraints; error
    @(70.0000 mm, 105.0000 mm): Via [GND] on F.Cu - B.Cu
[annular_width]: Annular width (board setup constraints min annular width 0.1500 mm; actual 0.0500 mm)
    Rule: board setup constraints; error
    @(70.0000 mm, 107.5000 mm): Via [GND] on F.Cu - B.Cu
[annular_width]: Annular width (board setup constraints min annular width 0.1500 mm; actual 0.0500 mm)
    Rule: board setup constraints; error
    @(70.0000 mm, 110.0000 mm): Via [GND] on F.Cu - B.Cu
[annular_width]: Annular width (board setup constraints min annular width 0.1500 mm; actual 0.0500 mm)
    Rule: board setup constraints; error
    @(72.5000 mm, 110.0000 mm): Via [GND] on F.Cu - B.Cu
[annular_width]: Annular width (board setup constraints min annular width 0.1500 mm; actual 0.0500 mm)
    Rule: board setup constraints; error
    @(75.0000 mm, 110.0000 mm): Via [GND] on F.Cu - B.Cu
[annular_width]: Annular width (board setup constraints min annular width 0.1500 mm; actual 0.0500 mm)
    Rule: board setup constraints; error
    @(77.5000 mm, 110.0000 mm): Via [GND] on F.Cu - B.Cu
[annular_width]: Annular width (board setup constraints min annular width 0.1500 mm; actual 0.0500 mm)
    Rule: board setup constraints; error
    @(77.5000 mm, 107.5000 mm): Via [GND] on F.Cu - B.Cu
[annular_width]: Annular width (board setup constraints min annular width 0.1500 mm; actual 0.0500 mm)
    Rule: board setup constraints; error
    @(77.5000 mm, 105.0000 mm): Via [GND] on F.Cu - B.Cu
[annular_width]: Annular width (board setup constraints min annular width 0.1500 mm; actual 0.0500 mm)
    Rule: board setup constraints; error
    @(77.5000 mm, 102.5000 mm): Via [GND] on F.Cu - B.Cu
[annular_width]: Annular width (board setup constraints min annular width 0.1500 mm; actual 0.0500 mm)
    Rule: board setup constraints; error
    @(75.0000 mm, 102.5000 mm): Via [GND] on F.Cu - B.Cu
[annular_width]: Annular width (board setup constraints min annular width 0.1500 mm; actual 0.0500 mm)
    Rule: board setup constraints; error
    @(88.0800 mm, 103.2050 mm): Via [GND] on F.Cu - B.Cu
[annular_width]: Annular width (board setup constraints min annular width 0.1500 mm; actual 0.0500 mm)
    Rule: board setup constraints; error
    @(84.2900 mm, 99.5250 mm): Via [GND] on F.Cu - B.Cu
[annular_width]: Annular width (board setup constraints min annular width 0.1500 mm; actual 0.0500 mm)
    Rule: board setup constraints; error
    @(72.0750 mm, 80.1000 mm): Via [+5VBus] on F.Cu - B.Cu
[annular_width]: Annular width (board setup constraints min annular width 0.1500 mm; actual 0.0500 mm)
    Rule: board setup constraints; error
    @(84.3000 mm, 83.8000 mm): Via [+5VBus] on F.Cu - B.Cu
[annular_width]: Annular width (board setup constraints min annular width 0.1500 mm; actual 0.0500 mm)
    Rule: board setup constraints; error
    @(84.3000 mm, 88.4750 mm): Via [+5VBus] on F.Cu - B.Cu
[annular_width]: Annular width (board setup constraints min annular width 0.1500 mm; actual 0.0500 mm)
    Rule: board setup constraints; error
    @(85.2500 mm, 86.0750 mm): Via [+5VBus] on F.Cu - B.Cu
[annular_width]: Annular width (board setup constraints min annular width 0.1500 mm; actual 0.0500 mm)
    Rule: board setup constraints; error
    @(85.7500 mm, 94.7750 mm): Via [+5VBus] on F.Cu - B.Cu
[annular_width]: Annular width (board setup constraints min annular width 0.1500 mm; actual 0.0500 mm)
    Rule: board setup constraints; error
    @(71.0000 mm, 79.3000 mm): Via [+5VBus] on F.Cu - B.Cu
[annular_width]: Annular width (board setup constraints min annular width 0.1500 mm; actual 0.0500 mm)
    Rule: board setup constraints; error
    @(69.8250 mm, 80.2000 mm): Via [+5VBus] on F.Cu - B.Cu
[annular_width]: Annular width (board setup constraints min annular width 0.1500 mm; actual 0.0500 mm)
    Rule: board setup constraints; error
    @(68.8375 mm, 79.3625 mm): Via [+5VBus] on F.Cu - B.Cu
[annular_width]: Annular width (board setup constraints min annular width 0.1500 mm; actual 0.0500 mm)
    Rule: board setup constraints; error
    @(84.7000 mm, 112.3450 mm): Via [+3.3V] on F.Cu - B.Cu
[annular_width]: Annular width (board setup constraints min annular width 0.1500 mm; actual 0.0500 mm)
    Rule: board setup constraints; error
    @(83.5500 mm, 112.3450 mm): Via [+3.3V] on F.Cu - B.Cu
[annular_width]: Annular width (board setup constraints min annular width 0.1500 mm; actual 0.0500 mm)
    Rule: board setup constraints; error
    @(85.3000 mm, 111.8000 mm): Via [+3.3V] on F.Cu - B.Cu
[annular_width]: Annular width (board setup constraints min annular width 0.1500 mm; actual 0.0500 mm)
    Rule: board setup constraints; error
    @(83.8500 mm, 110.3750 mm): Via [GND] on F.Cu - B.Cu
[annular_width]: Annular width (board setup constraints min annular width 0.1500 mm; actual 0.0500 mm)
    Rule: board setup constraints; error
    @(82.2750 mm, 112.3050 mm): Via [+3.3V] on F.Cu - B.Cu
[annular_width]: Annular width (board setup constraints min annular width 0.1500 mm; actual 0.0500 mm)
    Rule: board setup constraints; error
    @(68.1500 mm, 94.6000 mm): Via [/SCL] on F.Cu - B.Cu
[annular_width]: Annular width (board setup constraints min annular width 0.1500 mm; actual 0.0500 mm)
    Rule: board setup constraints; error
    @(67.6203 mm, 94.2689 mm): Via [/SDA] on F.Cu - B.Cu
[annular_width]: Annular width (board setup constraints min annular width 0.1500 mm; actual 0.0500 mm)
    Rule: board setup constraints; error
    @(62.3500 mm, 97.0250 mm): Via [/BOOT] on F.Cu - B.Cu
[annular_width]: Annular width (board setup constraints min annular width 0.1500 mm; actual 0.0500 mm)
    Rule: board setup constraints; error
    @(56.8500 mm, 102.3750 mm): Via [+3.3V] on F.Cu - B.Cu
[annular_width]: Annular width (board setup constraints min annular width 0.1500 mm; actual 0.0500 mm)
    Rule: board setup constraints; error
    @(60.9000 mm, 82.4500 mm): Via [+12VA] on F.Cu - B.Cu
[annular_width]: Annular width (board setup constraints min annular width 0.1500 mm; actual 0.0500 mm)
    Rule: board setup constraints; error
    @(72.5500 mm, 56.9000 mm): Via [+12VA] on F.Cu - B.Cu
[annular_width]: Annular width (board setup constraints min annular width 0.1500 mm; actual 0.0500 mm)
    Rule: board setup constraints; error
    @(60.8250 mm, 85.1500 mm): Via [+5V] on F.Cu - B.Cu
[annular_width]: Annular width (board setup constraints min annular width 0.1500 mm; actual 0.0500 mm)
    Rule: board setup constraints; error
    @(60.7000 mm, 90.3500 mm): Via [+5VMUX] on F.Cu - B.Cu
[annular_width]: Annular width (board setup constraints min annular width 0.1500 mm; actual 0.0500 mm)
    Rule: board setup constraints; error
    @(67.2250 mm, 85.4750 mm): Via [+5VMUX] on F.Cu - B.Cu
[annular_width]: Annular width (board setup constraints min annular width 0.1500 mm; actual 0.0500 mm)
    Rule: board setup constraints; error
    @(60.8000 mm, 87.7000 mm): Via [+5VBus] on F.Cu - B.Cu
[annular_width]: Annular width (board setup constraints min annular width 0.1500 mm; actual 0.0500 mm)
    Rule: board setup constraints; error
    @(83.7000 mm, 58.1000 mm): Via [/SCL] on F.Cu - B.Cu
[annular_width]: Annular width (board setup constraints min annular width 0.1500 mm; actual 0.0500 mm)
    Rule: board setup constraints; error
    @(83.1790 mm, 57.8000 mm): Via [/SDA] on F.Cu - B.Cu
[annular_width]: Annular width (board setup constraints min annular width 0.1500 mm; actual 0.0500 mm)
    Rule: board setup constraints; error
    @(58.0538 mm, 95.1400 mm): Via [+3.3V] on F.Cu - B.Cu
[annular_width]: Annular width (board setup constraints min annular width 0.1500 mm; actual 0.0500 mm)
    Rule: board setup constraints; error
    @(59.8287 mm, 94.0400 mm): Via [+3.3V] on F.Cu - B.Cu
[annular_width]: Annular width (board setup constraints min annular width 0.1500 mm; actual 0.0500 mm)
    Rule: board setup constraints; error
    @(59.6250 mm, 55.1750 mm): Via [GND] on F.Cu - B.Cu
[annular_width]: Annular width (board setup constraints min annular width 0.1500 mm; actual 0.0500 mm)
    Rule: board setup constraints; error
    @(84.7100 mm, 60.6250 mm): Via [+3.3V] on F.Cu - B.Cu
[annular_width]: Annular width (board setup constraints min annular width 0.1500 mm; actual 0.0500 mm)
    Rule: board setup constraints; error
    @(84.7200 mm, 59.3750 mm): Via [+3.3V] on F.Cu - B.Cu
[annular_width]: Annular width (board setup constraints min annular width 0.1500 mm; actual 0.0500 mm)
    Rule: board setup constraints; error
    @(85.2750 mm, 58.8000 mm): Via [+3.3V] on F.Cu - B.Cu
[annular_width]: Annular width (board setup constraints min annular width 0.1500 mm; actual 0.0500 mm)
    Rule: board setup constraints; error
    @(84.5200 mm, 52.7250 mm): Via [+3.3V] on F.Cu - B.Cu
[annular_width]: Annular width (board setup constraints min annular width 0.1500 mm; actual 0.0500 mm)
    Rule: board setup constraints; error
    @(84.5200 mm, 54.5000 mm): Via [+3.3V] on F.Cu - B.Cu
[annular_width]: Annular width (board setup constraints min annular width 0.1500 mm; actual 0.0500 mm)
    Rule: board setup constraints; error
    @(85.4250 mm, 56.0000 mm): Via [+3.3V] on F.Cu - B.Cu
[annular_width]: Annular width (board setup constraints min annular width 0.1500 mm; actual 0.0500 mm)
    Rule: board setup constraints; error
    @(86.0750 mm, 58.1500 mm): Via [+3.3V] on F.Cu - B.Cu
[annular_width]: Annular width (board setup constraints min annular width 0.1500 mm; actual 0.0500 mm)
    Rule: board setup constraints; error
    @(86.8250 mm, 67.3000 mm): Via [/BOOT] on F.Cu - B.Cu
[annular_width]: Annular width (board setup constraints min annular width 0.1500 mm; actual 0.0500 mm)
    Rule: board setup constraints; error
    @(85.8250 mm, 53.8000 mm): Via [GND] on F.Cu - B.Cu
[annular_width]: Annular width (board setup constraints min annular width 0.1500 mm; actual 0.0500 mm)
    Rule: board setup constraints; error
    @(67.0250 mm, 87.4750 mm): Via [GND] on F.Cu - B.Cu
[annular_width]: Annular width (board setup constraints min annular width 0.1500 mm; actual 0.0500 mm)
    Rule: board setup constraints; error
    @(70.3000 mm, 86.1500 mm): Via [+3.3V] on F.Cu - B.Cu
[annular_width]: Annular width (board setup constraints min annular width 0.1500 mm; actual 0.0500 mm)
    Rule: board setup constraints; error
    @(70.2750 mm, 87.7500 mm): Via [+3.3V] on F.Cu - B.Cu
[annular_width]: Annular width (board setup constraints min annular width 0.1500 mm; actual 0.0500 mm)
    Rule: board setup constraints; error
    @(67.4500 mm, 89.2750 mm): Via [+3.3V] on F.Cu - B.Cu
[annular_width]: Annular width (board setup constraints min annular width 0.1500 mm; actual 0.0500 mm)
    Rule: board setup constraints; error
    @(71.0000 mm, 83.1000 mm): Via [GND] on F.Cu - B.Cu
[annular_width]: Annular width (board setup constraints min annular width 0.1500 mm; actual 0.0500 mm)
    Rule: board setup constraints; error
    @(68.9500 mm, 82.7000 mm): Via [GND] on F.Cu - B.Cu
[annular_width]: Annular width (board setup constraints min annular width 0.1500 mm; actual 0.0500 mm)
    Rule: board setup constraints; error
    @(69.1250 mm, 83.3000 mm): Via [GND] on F.Cu - B.Cu
[annular_width]: Annular width (board setup constraints min annular width 0.1500 mm; actual 0.0500 mm)
    Rule: board setup constraints; error
    @(82.0750 mm, 62.4750 mm): Via [GND] on F.Cu - B.Cu
[annular_width]: Annular width (board setup constraints min annular width 0.1500 mm; actual 0.0500 mm)
    Rule: board setup constraints; error
    @(81.9200 mm, 61.7200 mm): Via [GND] on F.Cu - B.Cu
[annular_width]: Annular width (board setup constraints min annular width 0.1500 mm; actual 0.0500 mm)
    Rule: board setup constraints; error
    @(81.4450 mm, 62.1950 mm): Via [GND] on F.Cu - B.Cu
[annular_width]: Annular width (board setup constraints min annular width 0.1500 mm; actual 0.0500 mm)
    Rule: board setup constraints; error
    @(81.4000 mm, 62.7500 mm): Via [GND] on F.Cu - B.Cu
[annular_width]: Annular width (board setup constraints min annular width 0.1500 mm; actual 0.0500 mm)
    Rule: board setup constraints; error
    @(80.6500 mm, 62.8000 mm): Via [GND] on F.Cu - B.Cu
[annular_width]: Annular width (board setup constraints min annular width 0.1500 mm; actual 0.0500 mm)
    Rule: board setup constraints; error
    @(80.6750 mm, 61.7750 mm): Via [GND] on F.Cu - B.Cu
[annular_width]: Annular width (board setup constraints min annular width 0.1500 mm; actual 0.0500 mm)
    Rule: board setup constraints; error
    @(80.6500 mm, 62.2650 mm): Via [GND] on F.Cu - B.Cu
[annular_width]: Annular width (board setup constraints min annular width 0.1500 mm; actual 0.0500 mm)
    Rule: board setup constraints; error
    @(77.5750 mm, 62.7500 mm): Via [GND] on F.Cu - B.Cu
[annular_width]: Annular width (board setup constraints min annular width 0.1500 mm; actual 0.0500 mm)
    Rule: board setup constraints; error
    @(77.4500 mm, 62.2750 mm): Via [GND] on F.Cu - B.Cu
[annular_width]: Annular width (board setup constraints min annular width 0.1500 mm; actual 0.0500 mm)
    Rule: board setup constraints; error
    @(77.5250 mm, 61.7500 mm): Via [GND] on F.Cu - B.Cu
[annular_width]: Annular width (board setup constraints min annular width 0.1500 mm; actual 0.0500 mm)
    Rule: board setup constraints; error
    @(84.7850 mm, 63.0500 mm): Via [/PG] on F.Cu - B.Cu
[annular_width]: Annular width (board setup constraints min annular width 0.1500 mm; actual 0.0500 mm)
    Rule: board setup constraints; error
    @(65.8000 mm, 90.0250 mm): Via [/PG] on F.Cu - B.Cu
[annular_width]: Annular width (board setup constraints min annular width 0.1500 mm; actual 0.0500 mm)
    Rule: board setup constraints; error
    @(62.4750 mm, 84.3500 mm): Via [GND] on F.Cu - B.Cu
[annular_width]: Annular width (board setup constraints min annular width 0.1500 mm; actual 0.0500 mm)
    Rule: board setup constraints; error
    @(62.5250 mm, 83.2250 mm): Via [GND] on F.Cu - B.Cu
[annular_width]: Annular width (board setup constraints min annular width 0.1500 mm; actual 0.0500 mm)
    Rule: board setup constraints; error
    @(65.3000 mm, 81.1250 mm): Via [GND] on F.Cu - B.Cu
[annular_width]: Annular width (board setup constraints min annular width 0.1500 mm; actual 0.0500 mm)
    Rule: board setup constraints; error
    @(65.3250 mm, 83.2750 mm): Via [GND] on F.Cu - B.Cu
[annular_width]: Annular width (board setup constraints min annular width 0.1500 mm; actual 0.0500 mm)
    Rule: board setup constraints; error
    @(65.3250 mm, 85.4750 mm): Via [GND] on F.Cu - B.Cu
[annular_width]: Annular width (board setup constraints min annular width 0.1500 mm; actual 0.0500 mm)
    Rule: board setup constraints; error
    @(64.9250 mm, 80.2500 mm): Via [GND] on F.Cu - B.Cu
[annular_width]: Annular width (board setup constraints min annular width 0.1500 mm; actual 0.0500 mm)
    Rule: board setup constraints; error
    @(62.8750 mm, 78.5000 mm): Via [GND] on F.Cu - B.Cu
[annular_width]: Annular width (board setup constraints min annular width 0.1500 mm; actual 0.0500 mm)
    Rule: board setup constraints; error
    @(64.4200 mm, 86.3000 mm): Via [GND] on F.Cu - B.Cu
[annular_width]: Annular width (board setup constraints min annular width 0.1500 mm; actual 0.0500 mm)
    Rule: board setup constraints; error
    @(64.9500 mm, 87.1000 mm): Via [GND] on F.Cu - B.Cu
[annular_width]: Annular width (board setup constraints min annular width 0.1500 mm; actual 0.0500 mm)
    Rule: board setup constraints; error
    @(84.5250 mm, 51.1500 mm): Via [GND] on F.Cu - B.Cu
[annular_width]: Annular width (board setup constraints min annular width 0.1500 mm; actual 0.0500 mm)
    Rule: board setup constraints; error
    @(72.0750 mm, 78.7500 mm): Via [GND] on F.Cu - B.Cu
[annular_width]: Annular width (board setup constraints min annular width 0.1500 mm; actual 0.0500 mm)
    Rule: board setup constraints; error
    @(67.2000 mm, 71.9250 mm): Via [GND] on F.Cu - B.Cu
[annular_width]: Annular width (board setup constraints min annular width 0.1500 mm; actual 0.0500 mm)
    Rule: board setup constraints; error
    @(71.3500 mm, 71.7250 mm): Via [GND] on F.Cu - B.Cu
[annular_width]: Annular width (board setup constraints min annular width 0.1500 mm; actual 0.0500 mm)
    Rule: board setup constraints; error
    @(69.3000 mm, 72.2000 mm): Via [GND] on F.Cu - B.Cu
[annular_width]: Annular width (board setup constraints min annular width 0.1500 mm; actual 0.0500 mm)
    Rule: board setup constraints; error
    @(64.4750 mm, 72.4000 mm): Via [GND] on F.Cu - B.Cu
[annular_width]: Annular width (board setup constraints min annular width 0.1500 mm; actual 0.0500 mm)
    Rule: board setup constraints; error
    @(65.1750 mm, 73.3000 mm): Via [GND] on F.Cu - B.Cu
[annular_width]: Annular width (board setup constraints min annular width 0.1500 mm; actual 0.0500 mm)
    Rule: board setup constraints; error
    @(66.5375 mm, 78.9875 mm): Via [GND] on F.Cu - B.Cu
[annular_width]: Annular width (board setup constraints min annular width 0.1500 mm; actual 0.0500 mm)
    Rule: board setup constraints; error
    @(63.9000 mm, 77.1500 mm): Via [GND] on F.Cu - B.Cu
[annular_width]: Annular width (board setup constraints min annular width 0.1500 mm; actual 0.0500 mm)
    Rule: board setup constraints; error
    @(69.6250 mm, 78.8750 mm): Via [GND] on F.Cu - B.Cu
[annular_width]: Annular width (board setup constraints min annular width 0.1500 mm; actual 0.0500 mm)
    Rule: board setup constraints; error
    @(69.5500 mm, 78.0250 mm): Via [GND] on F.Cu - B.Cu
[annular_width]: Annular width (board setup constraints min annular width 0.1500 mm; actual 0.0500 mm)
    Rule: board setup constraints; error
    @(80.6750 mm, 59.5000 mm): Via [GND] on F.Cu - B.Cu
[annular_width]: Annular width (board setup constraints min annular width 0.1500 mm; actual 0.1484 mm)
    Rule: board setup constraints; error
    @(78.3750 mm, 62.2650 mm): PTH pad 10 [GND] of U3
[annular_width]: Annular width (board setup constraints min annular width 0.1500 mm; actual 0.1484 mm)
    Rule: board setup constraints; error
    @(79.1004 mm, 62.2650 mm): PTH pad 11 [GND] of U3
[annular_width]: Annular width (board setup constraints min annular width 0.1500 mm; actual 0.1484 mm)
    Rule: board setup constraints; error
    @(79.7750 mm, 62.2650 mm): PTH pad 12 [GND] of U3
[annular_width]: Annular width (board setup constraints min annular width 0.1500 mm; actual 0.0500 mm)
    Rule: board setup constraints; error
    @(67.6250 mm, 78.1750 mm): PTH pad 1_1 [+5VMUX] of U6
[annular_width]: Annular width (board setup constraints min annular width 0.1500 mm; actual 0.0500 mm)
    Rule: board setup constraints; error
    @(68.3250 mm, 78.1750 mm): PTH pad 2_1 [+5VBus] of U6
[annular_width]: Annular width (board setup constraints min annular width 0.1500 mm; actual 0.0500 mm)
    Rule: board setup constraints; error
    @(68.3250 mm, 77.3750 mm): PTH pad 7_1 [+5V] of U6
[annular_width]: Annular width (board setup constraints min annular width 0.1500 mm; actual 0.0500 mm)
    Rule: board setup constraints; error
    @(67.6250 mm, 77.3750 mm): PTH pad 8_1 [+5VMUX] of U6
[via_dangling]: Via is not connected or connected on only one layer
    Local override; warning
    @(77.8750 mm, 60.8250 mm): Via [+12VA] on F.Cu - B.Cu
[via_dangling]: Via is not connected or connected on only one layer
    Local override; warning
    @(78.1250 mm, 58.7250 mm): Via [+12VA] on F.Cu - B.Cu
[via_dangling]: Via is not connected or connected on only one layer
    Local override; warning
    @(76.3500 mm, 61.4000 mm): Via [+12VA] on F.Cu - B.Cu
[via_dangling]: Via is not connected or connected on only one layer
    Local override; warning
    @(76.3500 mm, 58.9000 mm): Via [+12VA] on F.Cu - B.Cu
[track_dangling]: Track has unconnected end
    Local override; warning
    @(87.8000 mm, 73.8928 mm): Track [/SDA] on B.Cu, length 0.2678 mm
[track_dangling]: Track has unconnected end
    Local override; warning
    @(84.7850 mm, 63.0500 mm): Track [/PG] on F.Cu, length 0.3611 mm
[connection_width]: Copper connection too narrow (board setup constraints minimum connection width 0.1500 mm; actual 0.1216 mm) (F.Cu)
    Rule: board setup constraints; warning
    @(66.8000 mm, 88.3352 mm): Track [GND] on F.Cu, length 0.6352 mm
    @(66.8000 mm, 88.3352 mm): Pad 4 [GND] of U4 on F.Cu
[clearance]: Clearance violation (board minimum clearance 0.1500 mm; actual 0.1250 mm)
    Local override; error
    @(79.0750 mm, 62.2650 mm): Pad 2 [GND] of U3 on F.Cu
    @(79.9500 mm, 62.7900 mm): Pad 6 [Net-(U3-FB)] of U3 on F.Cu
[clearance]: Clearance violation (board minimum clearance 0.1500 mm; actual 0.1250 mm)
    Local override; error
    @(79.0750 mm, 62.2650 mm): Pad 2 [GND] of U3 on F.Cu
    @(79.9500 mm, 61.7400 mm): Pad 7 [Net-(U3-MODE_SYNC)] of U3 on F.Cu
[silk_edge_clearance]: Silkscreen clipped by board edge
    Rule: board setup constraints silk; warning
    @(50.0000 mm, 50.0000 mm): Rectangle on Edge.Cuts
    @(81.5750 mm, 121.2100 mm): Segment of U1 on F.Silkscreen
[silk_edge_clearance]: Silkscreen clipped by board edge
    Rule: board setup constraints silk; warning
    @(50.0000 mm, 50.0000 mm): Rectangle on Edge.Cuts
    @(63.1750 mm, 121.2100 mm): Segment of U1 on F.Silkscreen
[lib_footprint_mismatch]: Footprint 'ESP32-S3-WROOM-1' does not match copy in library 'RF_Module'.
    Local override; warning
    @(72.3750 mm, 108.3100 mm): Footprint U1
[silk_over_copper]: Silkscreen clipped by solder mask
    Local override; warning
    @(78.2525 mm, 68.6275 mm): Reference field of R16
[solder_mask_bridge]: Front solder mask aperture bridges items with different nets
    Rule: board setup solder mask min width; error
    @(63.8000 mm, 58.5250 mm): Pad 1 [Net-(U2-VCAPL)] of U2 on F.Cu
    @(63.8000 mm, 59.1750 mm): Pad 2 [/GATE] of U2 on F.Cu
[solder_mask_bridge]: Front solder mask aperture bridges items with different nets
    Rule: board setup solder mask min width; error
    @(63.8000 mm, 59.1750 mm): Pad 2 [/GATE] of U2 on F.Cu
    @(63.8000 mm, 59.8250 mm): Pad 3 [unconnected-(U2-nc-Pad3)] of U2 on F.Cu
[solder_mask_bridge]: Front solder mask aperture bridges items with different nets
    Rule: board setup solder mask min width; error
    @(63.8000 mm, 59.8250 mm): Pad 3 [unconnected-(U2-nc-Pad3)] of U2 on F.Cu
    @(63.8000 mm, 60.4750 mm): Pad 4 [+12V] of U2 on F.Cu
[solder_mask_bridge]: Front solder mask aperture bridges items with different nets
    Rule: board setup solder mask min width; error
    @(68.1000 mm, 60.4750 mm): Pad 5 [unconnected-(U2-nc-Pad5)] of U2 on F.Cu
    @(68.1000 mm, 59.8250 mm): Pad 6 [/GATE] of U2 on F.Cu
[solder_mask_bridge]: Front solder mask aperture bridges items with different nets
    Rule: board setup solder mask min width; error
    @(68.1000 mm, 59.8250 mm): Pad 6 [/GATE] of U2 on F.Cu
    @(68.1000 mm, 59.1750 mm): Pad 7 [Net-(U2-VCAPH)] of U2 on F.Cu
[solder_mask_bridge]: Front solder mask aperture bridges items with different nets
    Rule: board setup solder mask min width; error
    @(68.1000 mm, 59.1750 mm): Pad 7 [Net-(U2-VCAPH)] of U2 on F.Cu
    @(68.1000 mm, 58.5250 mm): Pad 8 [+12VA] of U2 on F.Cu
[solder_mask_bridge]: Front solder mask aperture bridges items with different nets
    Rule: board setup solder mask min width; error
    @(85.1700 mm, 53.7900 mm): Pad 1 [GND] of U5 on F.Cu
    @(84.5200 mm, 53.7900 mm): Pad 2 [+3.3V] of U5 on F.Cu
[solder_mask_bridge]: Front solder mask aperture bridges items with different nets
    Rule: board setup solder mask min width; error
    @(84.5200 mm, 53.7900 mm): Pad 2 [+3.3V] of U5 on F.Cu
    @(83.8700 mm, 53.7900 mm): Pad 3 [/SDA] of U5 on F.Cu
[solder_mask_bridge]: Front solder mask aperture bridges items with different nets
    Rule: board setup solder mask min width; error
    @(83.8700 mm, 53.7900 mm): Pad 3 [/SDA] of U5 on F.Cu
    @(83.2200 mm, 53.7900 mm): Pad 4 [/SCL] of U5 on F.Cu
[solder_mask_bridge]: Front solder mask aperture bridges items with different nets
    Rule: board setup solder mask min width; error
    @(83.2200 mm, 51.8500 mm): Pad 5 [GND] of U5 on F.Cu
    @(83.8700 mm, 51.8500 mm): Pad 6 [+3.3V] of U5 on F.Cu
[solder_mask_bridge]: Front solder mask aperture bridges items with different nets
    Rule: board setup solder mask min width; error
    @(83.8700 mm, 51.8500 mm): Pad 6 [+3.3V] of U5 on F.Cu
    @(84.5200 mm, 51.8500 mm): Pad 7 [GND] of U5 on F.Cu
[solder_mask_bridge]: Front solder mask aperture bridges items with different nets
    Rule: board setup solder mask min width; error
    @(84.5200 mm, 51.8500 mm): Pad 7 [GND] of U5 on F.Cu
    @(85.1700 mm, 51.8500 mm): Pad 8 [+3.3V] of U5 on F.Cu

** Found 2 unconnected pads **
[unconnected_items]: Missing connection between items
    Local override; error
    @(84.2900 mm, 96.4100 mm): Pad 2 [GND] of D10 on F.Cu
    @(84.8500 mm, 94.0550 mm): Pad 2 [GND] of D11 on F.Cu
[unconnected_items]: Missing connection between items
    Local override; error
    @(86.9800 mm, 99.6750 mm): Pad A4 [+5VBus] of USB-C on F.Cu
    @(85.7500 mm, 94.7750 mm): Track [+5VBus] on F.Cu, length 1.2300 mm

** Found 0 Footprint errors **

** End of Report **
