ERC report (2025-11-27T17:57:05-0800, Encoding UTF8)

***** Sheet /
[power_pin_not_driven]: Input Power pin not driven by any Output Power pins
    ; error
    @(4550 mils, 1050 mils): Symbol #PWR2 Pin 1 [Power input, Line]
[pin_to_pin]: Pins of type Unspecified and Unspecified are connected
    ; warning
    @(6250 mils, 4500 mils): Symbol U3 Pin 7 [MODE_SYNC, Unspecified, Line]
    @(6250 mils, 4700 mils): Symbol U3 Pin 8 [RT, Unspecified, Line]
[pin_to_pin]: Pins of type Unspecified and Passive are connected
    ; warning
    @(6250 mils, 4700 mils): Symbol U3 Pin 8 [RT, Unspecified, Line]
    @(6200 mils, 4800 mils): Symbol R14 Pin 1 [Passive, Line]
[pin_to_pin]: Pins of type Open emitter and Power output are connected
    ; error
    @(5200 mils, 7050 mils): Symbol Q2 Pin 2 [E, Open emitter, Line]
    @(11800 mils, 4700 mils): Symbol U4 Pin 4 [GND, Power output, Line]
[power_pin_not_driven]: Input Power pin not driven by any Output Power pins
    ; error
    @(7950 mils, 3900 mils): Symbol U3 Pin 4 [BOOT, Power input, Line]
[power_pin_not_driven]: Input Power pin not driven by any Output Power pins
    ; error
    @(7950 mils, 4200 mils): Symbol U3 Pin 3 [SW, Power input, Line]
[pin_to_pin]: Pins of type Unspecified and Power input are connected
    ; warning
    @(7950 mils, 4400 mils): Symbol U3 Pin 6 [FB, Unspecified, Line]
    @(7950 mils, 4200 mils): Symbol U3 Pin 3 [SW, Power input, Line]
[pin_to_pin]: Pins of type Open emitter and Power output are connected
    ; error
    @(7000 mils, 7100 mils): Symbol Q3 Pin 2 [E, Open emitter, Line]
    @(11800 mils, 4700 mils): Symbol U4 Pin 4 [GND, Power output, Line]
[pin_to_pin]: Pins of type Unspecified and Power input are connected
    ; warning
    @(10800 mils, 3700 mils): Symbol U4 Pin 6 [VIN, Unspecified, Line]
    @(10050 mils, 3700 mils): Symbol #PWR28 Pin 1 [Power input, Line]
[footprint_link_issues]: The current configuration does not include the footprint library ''.
    ; warning
    @(10800 mils, 3800 mils): Symbol U4 [TPS62901RPJR]
[pin_to_pin]: Pins of type Unspecified and Unspecified are connected
    ; warning
    @(10800 mils, 3850 mils): Symbol U4 Pin 5 [EN, Unspecified, Line]
    @(10800 mils, 3700 mils): Symbol U4 Pin 6 [VIN, Unspecified, Line]
[pin_to_pin]: Pins of type Unspecified and Passive are connected
    ; warning
    @(10800 mils, 4050 mils): Symbol U4 Pin 8 [SS/TR, Unspecified, Line]
    @(10300 mils, 4200 mils): Symbol C17 Pin 1 [Passive, Line]
[pin_to_pin]: Pins of type Unspecified and Passive are connected
    ; warning
    @(10800 mils, 4250 mils): Symbol U4 Pin 7 [MODE/S-CONF, Unspecified, Line]
    @(10800 mils, 4250 mils): Symbol R19 Pin 1 [Passive, Line]
[pin_to_pin]: Pins of type Unspecified and Passive are connected
    ; warning
    @(12800 mils, 3750 mils): Symbol U4 Pin 2 [SW, Unspecified, Line]
    @(12800 mils, 3750 mils): Symbol L2 Pin 1 [1, Passive, Line]
[pin_to_pin]: Pins of type Unspecified and Passive are connected
    ; warning
    @(12800 mils, 3900 mils): Symbol U4 Pin 3 [VOS, Unspecified, Line]
    @(13000 mils, 3900 mils): Symbol R18 Pin 1 [Passive, Line]
[pin_to_pin]: Pins of type Unspecified and Passive are connected
    ; warning
    @(12800 mils, 4200 mils): Symbol U4 Pin 1 [PG, Unspecified, Line]
    @(13000 mils, 4200 mils): Symbol R18 Pin 2 [Passive, Line]
[pin_to_pin]: Pins of type Bidirectional and Power output are connected
    ; warning
    @(13350 mils, 6950 mils): Symbol U5 Pin 5 [SDO, Bidirectional, Line]
    @(11800 mils, 4700 mils): Symbol U4 Pin 4 [GND, Power output, Line]

 ** ERC messages: 17  Errors 5  Warnings 12
